# JRE version: Java(TM) SE Runtime Environment (8.0_161-b12) (build 1.8.0_161-b12)
# Java VM: Java HotSpot(TM) 64-Bit Server VM (25.161-b12 mixed mode windows-amd64 compressed oops)
Heap:
 PSYoungGen      total 532992K, used 323049K [0x0000000715d00000, 0x000000073c300000, 0x00000007c0000000)
  eden space 508928K, 63% used [0x0000000715d00000,0x000000072987a5c8,0x0000000734e00000)
  from space 24064K, 0% used [0x0000000736980000,0x0000000736980000,0x0000000738100000)
  to   space 28160K, 0% used [0x0000000734e00000,0x0000000734e00000,0x0000000736980000)
 ParOldGen       total 483840K, used 56363K [0x00000005c1600000, 0x00000005dee80000, 0x0000000715d00000)
  object space 483840K, 11% used [0x00000005c1600000,0x00000005c4d0add8,0x00000005dee80000)
 Metaspace       used 65152K, capacity 65976K, committed 66048K, reserved 1107968K
  class space    used 7143K, capacity 7353K, committed 7424K, reserved 1048576K
GC Heap History (10 events):
Event: 6.781 GC heap before
{Heap before GC invocations=9 (full 2):
 PSYoungGen      total 311296K, used 14036K [0x0000000715d00000, 0x0000000733e80000, 0x00000007c0000000)
  eden space 296448K, 0% used [0x0000000715d00000,0x0000000715d00000,0x0000000727e80000)
  from space 14848K, 94% used [0x0000000727e80000,0x0000000728c351d8,0x0000000728d00000)
  to   space 16384K, 0% used [0x0000000732e80000,0x0000000732e80000,0x0000000733e80000)
 ParOldGen       total 203776K, used 11700K [0x00000005c1600000, 0x00000005cdd00000, 0x0000000715d00000)
  object space 203776K, 5% used [0x00000005c1600000,0x00000005c216d098,0x00000005cdd00000)
 Metaspace       used 34820K, capacity 35122K, committed 35416K, reserved 1081344K
  class space    used 3938K, capacity 4012K, committed 4096K, reserved 1048576K
Event: 6.882 GC heap after
Heap after GC invocations=9 (full 2):
 PSYoungGen      total 311296K, used 0K [0x0000000715d00000, 0x0000000733e80000, 0x00000007c0000000)
  eden space 296448K, 0% used [0x0000000715d00000,0x0000000715d00000,0x0000000727e80000)
  from space 14848K, 0% used [0x0000000727e80000,0x0000000727e80000,0x0000000728d00000)
  to   space 16384K, 0% used [0x0000000732e80000,0x0000000732e80000,0x0000000733e80000)
 ParOldGen       total 327168K, used 24097K [0x00000005c1600000, 0x00000005d5580000, 0x0000000715d00000)
  object space 327168K, 7% used [0x00000005c1600000,0x00000005c2d88570,0x00000005d5580000)
 Metaspace       used 34820K, capacity 35122K, committed 35416K, reserved 1081344K
  class space    used 3938K, capacity 4012K, committed 4096K, reserved 1048576K
}
Event: 8.762 GC heap before
{Heap before GC invocations=10 (full 2):
 PSYoungGen      total 311296K, used 296448K [0x0000000715d00000, 0x0000000733e80000, 0x00000007c0000000)
  eden space 296448K, 100% used [0x0000000715d00000,0x0000000727e80000,0x0000000727e80000)
  from space 14848K, 0% used [0x0000000727e80000,0x0000000727e80000,0x0000000728d00000)
  to   space 16384K, 0% used [0x0000000732e80000,0x0000000732e80000,0x0000000733e80000)
 ParOldGen       total 327168K, used 24097K [0x00000005c1600000, 0x00000005d5580000, 0x0000000715d00000)
  object space 327168K, 7% used [0x00000005c1600000,0x00000005c2d88570,0x00000005d5580000)
 Metaspace       used 46869K, capacity 47272K, committed 47744K, reserved 1091584K
  class space    used 5329K, capacity 5429K, committed 5504K, reserved 1048576K
Event: 8.776 GC heap after
Heap after GC invocations=10 (full 2):
 PSYoungGen      total 430592K, used 16313K [0x0000000715d00000, 0x0000000733e80000, 0x00000007c0000000)
  eden space 414208K, 0% used [0x0000000715d00000,0x0000000715d00000,0x000000072f180000)
  from space 16384K, 99% used [0x0000000732e80000,0x0000000733e6e4a8,0x0000000733e80000)
  to   space 17920K, 0% used [0x0000000731b80000,0x0000000731b80000,0x0000000732d00000)
 ParOldGen       total 327168K, used 24105K [0x00000005c1600000, 0x00000005d5580000, 0x0000000715d00000)
  object space 327168K, 7% used [0x00000005c1600000,0x00000005c2d8a570,0x00000005d5580000)
 Metaspace       used 46869K, capacity 47272K, committed 47744K, reserved 1091584K
  class space    used 5329K, capacity 5429K, committed 5504K, reserved 1048576K
}
Event: 11.681 GC heap before
{Heap before GC invocations=11 (full 2):
 PSYoungGen      total 430592K, used 430521K [0x0000000715d00000, 0x0000000733e80000, 0x00000007c0000000)
  eden space 414208K, 100% used [0x0000000715d00000,0x000000072f180000,0x000000072f180000)
  from space 16384K, 99% used [0x0000000732e80000,0x0000000733e6e4a8,0x0000000733e80000)
  to   space 17920K, 0% used [0x0000000731b80000,0x0000000731b80000,0x0000000732d00000)
 ParOldGen       total 327168K, used 24105K [0x00000005c1600000, 0x00000005d5580000, 0x0000000715d00000)
  object space 327168K, 7% used [0x00000005c1600000,0x00000005c2d8a570,0x00000005d5580000)
 Metaspace       used 55065K, capacity 55610K, committed 56064K, reserved 1099776K
  class space    used 6130K, capacity 6280K, committed 6400K, reserved 1048576K
Event: 11.716 GC heap after
Heap after GC invocations=11 (full 2):
 PSYoungGen      total 475136K, used 17913K [0x0000000715d00000, 0x0000000738100000, 0x00000007c0000000)
  eden space 457216K, 0% used [0x0000000715d00000,0x0000000715d00000,0x0000000731b80000)
  from space 17920K, 99% used [0x0000000731b80000,0x0000000732cfe490,0x0000000732d00000)
  to   space 24064K, 0% used [0x0000000736980000,0x0000000736980000,0x0000000738100000)
 ParOldGen       total 327168K, used 34677K [0x00000005c1600000, 0x00000005d5580000, 0x0000000715d00000)
  object space 327168K, 10% used [0x00000005c1600000,0x00000005c37dd5e8,0x00000005d5580000)
 Metaspace       used 55065K, capacity 55610K, committed 56064K, reserved 1099776K
  class space    used 6130K, capacity 6280K, committed 6400K, reserved 1048576K
}
Event: 13.208 GC heap before
{Heap before GC invocations=12 (full 2):
 PSYoungGen      total 475136K, used 226182K [0x0000000715d00000, 0x0000000738100000, 0x00000007c0000000)
  eden space 457216K, 45% used [0x0000000715d00000,0x0000000722863448,0x0000000731b80000)
  from space 17920K, 99% used [0x0000000731b80000,0x0000000732cfe490,0x0000000732d00000)
  to   space 24064K, 0% used [0x0000000736980000,0x0000000736980000,0x0000000738100000)
 ParOldGen       total 327168K, used 34677K [0x00000005c1600000, 0x00000005d5580000, 0x0000000715d00000)
  object space 327168K, 10% used [0x00000005c1600000,0x00000005c37dd5e8,0x00000005d5580000)
 Metaspace       used 58164K, capacity 58722K, committed 59028K, reserved 1101824K
  class space    used 6442K, capacity 6580K, committed 6656K, reserved 1048576K
Event: 13.235 GC heap after
Heap after GC invocations=12 (full 2):
 PSYoungGen      total 532992K, used 24047K [0x0000000715d00000, 0x000000073c300000, 0x00000007c0000000)
  eden space 508928K, 0% used [0x0000000715d00000,0x0000000715d00000,0x0000000734e00000)
  from space 24064K, 99% used [0x0000000736980000,0x00000007380fbfe8,0x0000000738100000)
  to   space 28160K, 0% used [0x0000000734e00000,0x0000000734e00000,0x0000000736980000)
 ParOldGen       total 327168K, used 37390K [0x00000005c1600000, 0x00000005d5580000, 0x0000000715d00000)
  object space 327168K, 11% used [0x00000005c1600000,0x00000005c3a839d0,0x00000005d5580000)
 Metaspace       used 58164K, capacity 58722K, committed 59028K, reserved 1101824K
  class space    used 6442K, capacity 6580K, committed 6656K, reserved 1048576K
}
Event: 13.235 GC heap before
{Heap before GC invocations=13 (full 3):
 PSYoungGen      total 532992K, used 24047K [0x0000000715d00000, 0x000000073c300000, 0x00000007c0000000)
  eden space 508928K, 0% used [0x0000000715d00000,0x0000000715d00000,0x0000000734e00000)
  from space 24064K, 99% used [0x0000000736980000,0x00000007380fbfe8,0x0000000738100000)
  to   space 28160K, 0% used [0x0000000734e00000,0x0000000734e00000,0x0000000736980000)
 ParOldGen       total 327168K, used 37390K [0x00000005c1600000, 0x00000005d5580000, 0x0000000715d00000)
  object space 327168K, 11% used [0x00000005c1600000,0x00000005c3a839d0,0x00000005d5580000)
 Metaspace       used 58164K, capacity 58722K, committed 59028K, reserved 1101824K
  class space    used 6442K, capacity 6580K, committed 6656K, reserved 1048576K
Event: 13.494 GC heap after
Heap after GC invocations=13 (full 3):
 PSYoungGen      total 532992K, used 0K [0x0000000715d00000, 0x000000073c300000, 0x00000007c0000000)
  eden space 508928K, 0% used [0x0000000715d00000,0x0000000715d00000,0x0000000734e00000)
  from space 24064K, 0% used [0x0000000736980000,0x0000000736980000,0x0000000738100000)
  to   space 28160K, 0% used [0x0000000734e00000,0x0000000734e00000,0x0000000736980000)
 ParOldGen       total 483840K, used 56363K [0x00000005c1600000, 0x00000005dee80000, 0x0000000715d00000)
  object space 483840K, 11% used [0x00000005c1600000,0x00000005c4d0add8,0x00000005dee80000)
 Metaspace       used 58164K, capacity 58722K, committed 59028K, reserved 1101824K
  class space    used 6442K, capacity 6580K, committed 6656K, reserved 1048576K
}

