# JRE version: Java(TM) SE Runtime Environment (8.0_161-b12) (build 1.8.0_161-b12)
# Java VM: Java HotSpot(TM) 64-Bit Server VM (25.161-b12 mixed mode windows-amd64 compressed oops)
Heap:
 PSYoungGen      total 526336K, used 325894K [0x0000000715d00000, 0x0000000739d00000, 0x00000007c0000000)
  eden space 502272K, 64% used [0x0000000715d00000,0x0000000729b41b10,0x0000000734780000)
  from space 24064K, 0% used [0x0000000736300000,0x0000000736300000,0x0000000737a80000)
  to   space 28160K, 0% used [0x0000000734780000,0x0000000734780000,0x0000000736300000)
 ParOldGen       total 478720K, used 53998K [0x00000005c1600000, 0x00000005de980000, 0x0000000715d00000)
  object space 478720K, 11% used [0x00000005c1600000,0x00000005c4abbbe8,0x00000005de980000)
 Metaspace       used 65183K, capacity 66024K, committed 66304K, reserved 1107968K
  class space    used 7145K, capacity 7353K, committed 7424K, reserved 1048576K
GC Heap History (10 events):
Event: 7.139 GC heap before
{Heap before GC invocations=9 (full 2):
 PSYoungGen      total 304128K, used 14144K [0x0000000715d00000, 0x0000000732480000, 0x00000007c0000000)
  eden space 289280K, 0% used [0x0000000715d00000,0x0000000715d00000,0x0000000727780000)
  from space 14848K, 95% used [0x0000000727780000,0x00000007285501c8,0x0000000728600000)
  to   space 16384K, 0% used [0x0000000731480000,0x0000000731480000,0x0000000732480000)
 ParOldGen       total 205824K, used 11754K [0x00000005c1600000, 0x00000005cdf00000, 0x0000000715d00000)
  object space 205824K, 5% used [0x00000005c1600000,0x00000005c217a8f0,0x00000005cdf00000)
 Metaspace       used 34748K, capacity 35138K, committed 35416K, reserved 1081344K
  class space    used 3936K, capacity 4044K, committed 4096K, reserved 1048576K
Event: 7.236 GC heap after
Heap after GC invocations=9 (full 2):
 PSYoungGen      total 304128K, used 0K [0x0000000715d00000, 0x0000000732480000, 0x00000007c0000000)
  eden space 289280K, 0% used [0x0000000715d00000,0x0000000715d00000,0x0000000727780000)
  from space 14848K, 0% used [0x0000000727780000,0x0000000727780000,0x0000000728600000)
  to   space 16384K, 0% used [0x0000000731480000,0x0000000731480000,0x0000000732480000)
 ParOldGen       total 327168K, used 24096K [0x00000005c1600000, 0x00000005d5580000, 0x0000000715d00000)
  object space 327168K, 7% used [0x00000005c1600000,0x00000005c2d88160,0x00000005d5580000)
 Metaspace       used 34748K, capacity 35138K, committed 35416K, reserved 1081344K
  class space    used 3936K, capacity 4044K, committed 4096K, reserved 1048576K
}
Event: 9.258 GC heap before
{Heap before GC invocations=10 (full 2):
 PSYoungGen      total 304128K, used 289280K [0x0000000715d00000, 0x0000000732480000, 0x00000007c0000000)
  eden space 289280K, 100% used [0x0000000715d00000,0x0000000727780000,0x0000000727780000)
  from space 14848K, 0% used [0x0000000727780000,0x0000000727780000,0x0000000728600000)
  to   space 16384K, 0% used [0x0000000731480000,0x0000000731480000,0x0000000732480000)
 ParOldGen       total 327168K, used 24096K [0x00000005c1600000, 0x00000005d5580000, 0x0000000715d00000)
  object space 327168K, 7% used [0x00000005c1600000,0x00000005c2d88160,0x00000005d5580000)
 Metaspace       used 46489K, capacity 46936K, committed 47360K, reserved 1091584K
  class space    used 5275K, capacity 5365K, committed 5376K, reserved 1048576K
Event: 9.277 GC heap after
Heap after GC invocations=10 (full 2):
 PSYoungGen      total 426496K, used 16050K [0x0000000715d00000, 0x0000000732480000, 0x00000007c0000000)
  eden space 410112K, 0% used [0x0000000715d00000,0x0000000715d00000,0x000000072ed80000)
  from space 16384K, 97% used [0x0000000731480000,0x000000073242caa0,0x0000000732480000)
  to   space 17920K, 0% used [0x0000000730180000,0x0000000730180000,0x0000000731300000)
 ParOldGen       total 327168K, used 24104K [0x00000005c1600000, 0x00000005d5580000, 0x0000000715d00000)
  object space 327168K, 7% used [0x00000005c1600000,0x00000005c2d8a160,0x00000005d5580000)
 Metaspace       used 46489K, capacity 46936K, committed 47360K, reserved 1091584K
  class space    used 5275K, capacity 5365K, committed 5376K, reserved 1048576K
}
Event: 12.401 GC heap before
{Heap before GC invocations=11 (full 2):
 PSYoungGen      total 426496K, used 426162K [0x0000000715d00000, 0x0000000732480000, 0x00000007c0000000)
  eden space 410112K, 100% used [0x0000000715d00000,0x000000072ed80000,0x000000072ed80000)
  from space 16384K, 97% used [0x0000000731480000,0x000000073242caa0,0x0000000732480000)
  to   space 17920K, 0% used [0x0000000730180000,0x0000000730180000,0x0000000731300000)
 ParOldGen       total 327168K, used 24104K [0x00000005c1600000, 0x00000005d5580000, 0x0000000715d00000)
  object space 327168K, 7% used [0x00000005c1600000,0x00000005c2d8a160,0x00000005d5580000)
 Metaspace       used 54858K, capacity 55340K, committed 55680K, reserved 1099776K
  class space    used 6120K, capacity 6243K, committed 6272K, reserved 1048576K
Event: 12.426 GC heap after
Heap after GC invocations=11 (full 2):
 PSYoungGen      total 448512K, used 17904K [0x0000000715d00000, 0x0000000737a80000, 0x00000007c0000000)
  eden space 430592K, 0% used [0x0000000715d00000,0x0000000715d00000,0x0000000730180000)
  from space 17920K, 99% used [0x0000000730180000,0x00000007312fc030,0x0000000731300000)
  to   space 24064K, 0% used [0x0000000736300000,0x0000000736300000,0x0000000737a80000)
 ParOldGen       total 327168K, used 34583K [0x00000005c1600000, 0x00000005d5580000, 0x0000000715d00000)
  object space 327168K, 10% used [0x00000005c1600000,0x00000005c37c5f30,0x00000005d5580000)
 Metaspace       used 54858K, capacity 55340K, committed 55680K, reserved 1099776K
  class space    used 6120K, capacity 6243K, committed 6272K, reserved 1048576K
}
Event: 14.138 GC heap before
{Heap before GC invocations=12 (full 2):
 PSYoungGen      total 448512K, used 230305K [0x0000000715d00000, 0x0000000737a80000, 0x00000007c0000000)
  eden space 430592K, 49% used [0x0000000715d00000,0x0000000722c6c3e8,0x0000000730180000)
  from space 17920K, 99% used [0x0000000730180000,0x00000007312fc030,0x0000000731300000)
  to   space 24064K, 0% used [0x0000000736300000,0x0000000736300000,0x0000000737a80000)
 ParOldGen       total 327168K, used 34583K [0x00000005c1600000, 0x00000005d5580000, 0x0000000715d00000)
  object space 327168K, 10% used [0x00000005c1600000,0x00000005c37c5f30,0x00000005d5580000)
 Metaspace       used 58109K, capacity 58706K, committed 59028K, reserved 1101824K
  class space    used 6428K, capacity 6580K, committed 6656K, reserved 1048576K
Event: 14.161 GC heap after
Heap after GC invocations=12 (full 2):
 PSYoungGen      total 526336K, used 24057K [0x0000000715d00000, 0x0000000739d00000, 0x00000007c0000000)
  eden space 502272K, 0% used [0x0000000715d00000,0x0000000715d00000,0x0000000734780000)
  from space 24064K, 99% used [0x0000000736300000,0x0000000737a7e590,0x0000000737a80000)
  to   space 28160K, 0% used [0x0000000734780000,0x0000000734780000,0x0000000736300000)
 ParOldGen       total 327168K, used 37713K [0x00000005c1600000, 0x00000005d5580000, 0x0000000715d00000)
  object space 327168K, 11% used [0x00000005c1600000,0x00000005c3ad4768,0x00000005d5580000)
 Metaspace       used 58109K, capacity 58706K, committed 59028K, reserved 1101824K
  class space    used 6428K, capacity 6580K, committed 6656K, reserved 1048576K
}
Event: 14.161 GC heap before
{Heap before GC invocations=13 (full 3):
 PSYoungGen      total 526336K, used 24057K [0x0000000715d00000, 0x0000000739d00000, 0x00000007c0000000)
  eden space 502272K, 0% used [0x0000000715d00000,0x0000000715d00000,0x0000000734780000)
  from space 24064K, 99% used [0x0000000736300000,0x0000000737a7e590,0x0000000737a80000)
  to   space 28160K, 0% used [0x0000000734780000,0x0000000734780000,0x0000000736300000)
 ParOldGen       total 327168K, used 37713K [0x00000005c1600000, 0x00000005d5580000, 0x0000000715d00000)
  object space 327168K, 11% used [0x00000005c1600000,0x00000005c3ad4768,0x00000005d5580000)
 Metaspace       used 58109K, capacity 58706K, committed 59028K, reserved 1101824K
  class space    used 6428K, capacity 6580K, committed 6656K, reserved 1048576K
Event: 14.365 GC heap after
Heap after GC invocations=13 (full 3):
 PSYoungGen      total 526336K, used 0K [0x0000000715d00000, 0x0000000739d00000, 0x00000007c0000000)
  eden space 502272K, 0% used [0x0000000715d00000,0x0000000715d00000,0x0000000734780000)
  from space 24064K, 0% used [0x0000000736300000,0x0000000736300000,0x0000000737a80000)
  to   space 28160K, 0% used [0x0000000734780000,0x0000000734780000,0x0000000736300000)
 ParOldGen       total 478720K, used 53998K [0x00000005c1600000, 0x00000005de980000, 0x0000000715d00000)
  object space 478720K, 11% used [0x00000005c1600000,0x00000005c4abbbe8,0x00000005de980000)
 Metaspace       used 58109K, capacity 58706K, committed 59028K, reserved 1101824K
  class space    used 6428K, capacity 6580K, committed 6656K, reserved 1048576K
}

